{
  "mapName": "KF-CS_Italy",
  "date": "2023-10-26-20:40",
  "spawnCycle": "ts_mig_v3_plus",
  "maxMonsters": 56,
  "cohortSize": 7,
  "zedsType": "nightcore",
  "stats": [
    {
      "alias": "Virazu",
      "steamId": "76561198183469591",
      "perk": "Commando",
      "doshEarned": 15313,
      "largeKills": 22,
      "fleshpounds": 3,
      "scrakes": 19,
      "husks": 15,
      "huskBackpacks": 6,
      "huskNormal": 9,
      "huskBackpacksRages": 0,
      "largesFrozen": 0,
      "healsGiven": 27,
      "healsReceived": 327,
      "damageDealt": 211011,
      "damageTaken": 328,
      "shotsFired": 4605,
      "shotsHit": 2491,
      "headshots": 827,
      "accuracy": 54,
      "headshotAccuracy": 33
    },
    {
      "alias": "Trash Obsession",
      "steamId": "76561198137737532",
      "perk": "Field Medic",
      "doshEarned": 9324,
      "largeKills": 22,
      "fleshpounds": 3,
      "scrakes": 19,
      "husks": 15,
      "huskBackpacks": 6,
      "huskNormal": 9,
      "huskBackpacksRages": 0,
      "largesFrozen": 0,
      "healsGiven": 2074,
      "healsReceived": 0,
      "damageDealt": 9029,
      "damageTaken": 288,
      "shotsFired": 1590,
      "shotsHit": 1174,
      "headshots": 24,
      "accuracy": 74,
      "headshotAccuracy": 2
    },
    {
      "alias": "Kosan",
      "steamId": "76561198122767820",
      "perk": "Sharpshooter",
      "doshEarned": 21436,
      "largeKills": 121,
      "fleshpounds": 44,
      "scrakes": 77,
      "husks": 34,
      "huskBackpacks": 9,
      "huskNormal": 25,
      "huskBackpacksRages": 0,
      "largesFrozen": 39,
      "healsGiven": 0,
      "healsReceived": 261,
      "damageDealt": 619927,
      "damageTaken": 293,
      "shotsFired": 2673,
      "shotsHit": 2028,
      "headshots": 1510,
      "accuracy": 76,
      "headshotAccuracy": 74
    },
    {
      "alias": "SirSneakyS",
      "steamId": "76561198150288057",
      "perk": "Gunslinger",
      "doshEarned": 23148,
      "largeKills": 152,
      "fleshpounds": 59,
      "scrakes": 93,
      "husks": 32,
      "huskBackpacks": 14,
      "huskNormal": 18,
      "huskBackpacksRages": 1,
      "largesFrozen": 0,
      "healsGiven": 20,
      "healsReceived": 701,
      "damageDealt": 678088,
      "damageTaken": 711,
      "shotsFired": 3729,
      "shotsHit": 2761,
      "headshots": 1850,
      "accuracy": 74,
      "headshotAccuracy": 67
    },
    {
      "alias": "toxic player",
      "steamId": "76561198039806791",
      "perk": "Sharpshooter",
      "doshEarned": 20200,
      "largeKills": 103,
      "fleshpounds": 28,
      "scrakes": 75,
      "husks": 25,
      "huskBackpacks": 9,
      "huskNormal": 16,
      "huskBackpacksRages": 2,
      "largesFrozen": 71,
      "healsGiven": 8,
      "healsReceived": 286,
      "damageDealt": 527548,
      "damageTaken": 286,
      "shotsFired": 2680,
      "shotsHit": 2011,
      "headshots": 1299,
      "accuracy": 75,
      "headshotAccuracy": 65
    },
    {
      "alias": "Rey",
      "steamId": "76561198002762666",
      "perk": "Gunslinger",
      "doshEarned": 19898,
      "largeKills": 141,
      "fleshpounds": 75,
      "scrakes": 66,
      "husks": 16,
      "huskBackpacks": 9,
      "huskNormal": 7,
      "huskBackpacksRages": 4,
      "largesFrozen": 0,
      "healsGiven": 0,
      "healsReceived": 554,
      "damageDealt": 617595,
      "damageTaken": 615,
      "shotsFired": 3095,
      "shotsHit": 2323,
      "headshots": 1508,
      "accuracy": 75,
      "headshotAccuracy": 65
    }
  ]
}
